DEPRECATION WARNING: ActiveRecord::Base.raise_in_transactional_callbacks= is deprecated, has no effect and will be removed without replacement. (called from <top (required)> at /Users/appacademy/Desktop/app-academy/curriculum/html-css/projects/aa_times/skeleton/config/environment.rb:5)
DEPRECATION WARNING: Passing #original_exception is deprecated and has no effect. Exceptions will automatically capture the original exception. (called from require at /Users/appacademy/Desktop/app-academy/curriculum/html-css/projects/aa_times/skeleton/bin/rails:9)
DEPRECATION WARNING: ActiveRecord::Base.raise_in_transactional_callbacks= is deprecated, has no effect and will be removed without replacement. (called from require at /Users/appacademy/Desktop/app-academy/curriculum/html-css/projects/aa_times/skeleton/bin/rails:9)
  [1m[35m (6.2ms)[0m  [1m[35mCREATE TABLE "schema_migrations" ("version" varchar NOT NULL PRIMARY KEY)[0m
  [1m[35m (2.7ms)[0m  [1m[35mCREATE TABLE "ar_internal_metadata" ("key" varchar NOT NULL PRIMARY KEY, "value" varchar, "created_at" datetime NOT NULL, "updated_at" datetime NOT NULL)[0m
  [1m[36mActiveRecord::InternalMetadata Load (0.3ms)[0m  [1m[34mSELECT  "ar_internal_metadata".* FROM "ar_internal_metadata" WHERE "ar_internal_metadata"."key" = ? LIMIT ?[0m  [["key", "environment"], ["LIMIT", 1]]
  [1m[35m (0.1ms)[0m  [1m[36mbegin transaction[0m
  [1m[35mSQL (0.5ms)[0m  [1m[32mINSERT INTO "ar_internal_metadata" ("key", "value", "created_at", "updated_at") VALUES (?, ?, ?, ?)[0m  [["key", "environment"], ["value", "development"], ["created_at", "2018-05-08 13:28:35.437337"], ["updated_at", "2018-05-08 13:28:35.437337"]]
  [1m[35m (2.2ms)[0m  [1m[36mcommit transaction[0m
  [1m[36mActiveRecord::SchemaMigration Load (0.1ms)[0m  [1m[34mSELECT "schema_migrations".* FROM "schema_migrations"[0m
Started GET "/" for ::1 at 2018-05-08 09:29:10 -0400
DEPRECATION WARNING: ActiveRecord::Base.raise_in_transactional_callbacks= is deprecated, has no effect and will be removed without replacement. (called from block (3 levels) in <class:Railtie> at /usr/local/var/rbenv/versions/2.3.1/lib/ruby/gems/2.3.0/gems/activerecord-5.0.7/lib/active_record/railtie.rb:113)
Processing by StaticPagesController#index as HTML
  Rendering static_pages/index.html.erb within layouts/application
  Rendered shared/_main_nav.html.erb (0.7ms)
  Rendered shared/_masthead.html.erb (0.5ms)
  Rendered shared/_sections_nav.html.erb (0.9ms)
  Rendered shared/_search_modal.html.erb (0.5ms)
  Rendered shared/_main_content.html.erb (0.4ms)
  Rendered static_pages/index.html.erb within layouts/application (32.0ms)
Completed 200 OK in 817ms (Views: 810.1ms | ActiveRecord: 0.0ms)


Started GET "/assets/components/dropdown.self-815016af6fab1d5b72abd319213bf62f0c42bab2c585d2e059543ae704a0d74c.js?body=1" for ::1 at 2018-05-08 09:29:11 -0400
Started GET "/assets/components/modal.self-52188644dbb47def5ee35ae02e69eb567ca9b664472357a8a5789dd39032a265.js?body=1" for ::1 at 2018-05-08 09:29:11 -0400
Started GET "/assets/components/sidebar.self-2a1277f850a6fa21e1a974ef5152f177ac05516477d5081d593bb137b3d6808b.js?body=1" for ::1 at 2018-05-08 09:29:11 -0400
Started GET "/assets/application.self-f571b9db02bf4ed04c38a6a29072ac382f7d4f47db1fab9817aeadb0d8665235.js?body=1" for ::1 at 2018-05-08 09:29:11 -0400
Started GET "/assets/application.self-b663423749731f7aefc12aab04903643ffbbfafb45fcfb66496adb852614caef.css?body=1" for ::1 at 2018-05-08 09:29:11 -0400
Started GET "/" for ::1 at 2018-09-17 10:57:15 -0700
DEPRECATION WARNING: ActiveRecord::Base.raise_in_transactional_callbacks= is deprecated, has no effect and will be removed without replacement. (called from block (3 levels) in <class:Railtie> at /usr/local/var/rbenv/versions/2.5.0/lib/ruby/gems/2.5.0/gems/activerecord-5.0.7/lib/active_record/railtie.rb:113)
Processing by StaticPagesController#index as HTML
  Rendering static_pages/index.html.erb within layouts/application
  Rendered shared/_main_nav.html.erb (0.3ms)
  Rendered shared/_masthead.html.erb (0.2ms)
  Rendered shared/_sections_nav.html.erb (0.3ms)
  Rendered shared/_search_modal.html.erb (0.2ms)
  Rendered shared/_main_content.html.erb (0.2ms)
  Rendered static_pages/index.html.erb within layouts/application (14.4ms)
Completed 200 OK in 933ms (Views: 930.3ms | ActiveRecord: 0.0ms)


Started GET "/assets/application.self-b669685521e7bbb976dd44d1bb8734f919d93ea75f3749c1cd6eda4f2b563613.css?body=1" for ::1 at 2018-09-17 10:57:17 -0700
Started GET "/assets/jquery.self-bd7ddd393353a8d2480a622e80342adf488fb6006d667e8b42e4c0073393abee.js?body=1" for ::1 at 2018-09-17 10:57:17 -0700
Started GET "/assets/jquery_ujs.self-784a997f6726036b1993eb2217c9cb558e1cbb801c6da88105588c56f13b466a.js?body=1" for ::1 at 2018-09-17 10:57:17 -0700
Started GET "/assets/components/dropdown.self-815016af6fab1d5b72abd319213bf62f0c42bab2c585d2e059543ae704a0d74c.js?body=1" for ::1 at 2018-09-17 10:57:17 -0700
Started GET "/assets/components/modal.self-52188644dbb47def5ee35ae02e69eb567ca9b664472357a8a5789dd39032a265.js?body=1" for ::1 at 2018-09-17 10:57:17 -0700
Started GET "/assets/components/sidebar.self-2a1277f850a6fa21e1a974ef5152f177ac05516477d5081d593bb137b3d6808b.js?body=1" for ::1 at 2018-09-17 10:57:17 -0700
Started GET "/assets/application.self-f571b9db02bf4ed04c38a6a29072ac382f7d4f47db1fab9817aeadb0d8665235.js?body=1" for ::1 at 2018-09-17 10:57:17 -0700
Started GET "/assets/application.self-b669685521e7bbb976dd44d1bb8734f919d93ea75f3749c1cd6eda4f2b563613.css?body=1&livereload=1537207504431" for ::1 at 2018-09-17 11:05:04 -0700
Started GET "/assets/application.self-b669685521e7bbb976dd44d1bb8734f919d93ea75f3749c1cd6eda4f2b563613.css?body=1&livereload=1537207504480" for ::1 at 2018-09-17 11:05:04 -0700
Started GET "/assets/application.self-b669685521e7bbb976dd44d1bb8734f919d93ea75f3749c1cd6eda4f2b563613.css?body=1&livereload=1537207614739" for ::1 at 2018-09-17 11:06:54 -0700
Started GET "/assets/application.self-b669685521e7bbb976dd44d1bb8734f919d93ea75f3749c1cd6eda4f2b563613.css?body=1&livereload=1537207614741" for ::1 at 2018-09-17 11:06:54 -0700
Started GET "/assets/application.self-b669685521e7bbb976dd44d1bb8734f919d93ea75f3749c1cd6eda4f2b563613.css?body=1&livereload=1537207636039" for ::1 at 2018-09-17 11:07:16 -0700
Started GET "/assets/application.self-b669685521e7bbb976dd44d1bb8734f919d93ea75f3749c1cd6eda4f2b563613.css?body=1&livereload=1537207636041" for ::1 at 2018-09-17 11:07:16 -0700
Started GET "/assets/application.self-b669685521e7bbb976dd44d1bb8734f919d93ea75f3749c1cd6eda4f2b563613.css?body=1&livereload=1537207659010" for ::1 at 2018-09-17 11:07:39 -0700
Started GET "/assets/application.self-b669685521e7bbb976dd44d1bb8734f919d93ea75f3749c1cd6eda4f2b563613.css?body=1&livereload=1537207659011" for ::1 at 2018-09-17 11:07:39 -0700
Started GET "/assets/application.self-b669685521e7bbb976dd44d1bb8734f919d93ea75f3749c1cd6eda4f2b563613.css?body=1&livereload=1537207695958" for ::1 at 2018-09-17 11:08:15 -0700
Started GET "/assets/application.self-b669685521e7bbb976dd44d1bb8734f919d93ea75f3749c1cd6eda4f2b563613.css?body=1&livereload=1537207695959" for ::1 at 2018-09-17 11:08:15 -0700
Started GET "/assets/application.self-b669685521e7bbb976dd44d1bb8734f919d93ea75f3749c1cd6eda4f2b563613.css?body=1&livereload=1537207706666" for ::1 at 2018-09-17 11:08:26 -0700
Started GET "/assets/application.self-b669685521e7bbb976dd44d1bb8734f919d93ea75f3749c1cd6eda4f2b563613.css?body=1&livereload=1537207706666&livereload=1537207706666" for ::1 at 2018-09-17 11:08:26 -0700
Started GET "/assets/application.self-b669685521e7bbb976dd44d1bb8734f919d93ea75f3749c1cd6eda4f2b563613.css?body=1&livereload=1537207831257&livereload=1537207706666" for ::1 at 2018-09-17 11:10:31 -0700
Started GET "/assets/application.self-b669685521e7bbb976dd44d1bb8734f919d93ea75f3749c1cd6eda4f2b563613.css?body=1&livereload=1537207831261&livereload=1537207706666" for ::1 at 2018-09-17 11:10:31 -0700
Started GET "/assets/application.self-b669685521e7bbb976dd44d1bb8734f919d93ea75f3749c1cd6eda4f2b563613.css?body=1&livereload=1537207839391&livereload=1537207706666" for ::1 at 2018-09-17 11:10:39 -0700
Started GET "/assets/application.self-b669685521e7bbb976dd44d1bb8734f919d93ea75f3749c1cd6eda4f2b563613.css?body=1&livereload=1537207839393&livereload=1537207706666" for ::1 at 2018-09-17 11:10:39 -0700
Started GET "/assets/application.self-b669685521e7bbb976dd44d1bb8734f919d93ea75f3749c1cd6eda4f2b563613.css?body=1&livereload=1537207845686&livereload=1537207706666" for ::1 at 2018-09-17 11:10:45 -0700
Started GET "/assets/application.self-b669685521e7bbb976dd44d1bb8734f919d93ea75f3749c1cd6eda4f2b563613.css?body=1&livereload=1537207845687&livereload=1537207706666" for ::1 at 2018-09-17 11:10:45 -0700
Started GET "/assets/application.self-b669685521e7bbb976dd44d1bb8734f919d93ea75f3749c1cd6eda4f2b563613.css?body=1&livereload=1537207847254&livereload=1537207706666" for ::1 at 2018-09-17 11:10:47 -0700
Started GET "/assets/application.self-b669685521e7bbb976dd44d1bb8734f919d93ea75f3749c1cd6eda4f2b563613.css?body=1&livereload=1537207847256&livereload=1537207706666" for ::1 at 2018-09-17 11:10:47 -0700
Started GET "/" for ::1 at 2018-09-17 11:12:07 -0700
Processing by StaticPagesController#index as HTML
  Rendering static_pages/index.html.erb within layouts/application
  Rendered shared/_main_nav.html.erb (0.4ms)
  Rendered shared/_masthead.html.erb (0.5ms)
  Rendered shared/_sections_nav.html.erb (0.6ms)
  Rendered shared/_search_modal.html.erb (0.4ms)
  Rendered shared/_main_content.html.erb (0.6ms)
  Rendered static_pages/index.html.erb within layouts/application (18.7ms)
Completed 200 OK in 138ms (Views: 120.9ms | ActiveRecord: 0.0ms)


Started GET "/assets/application.self-b455bb62a41184d1e8cb14d7d81642462ceeb7f8b3075c76e37b87d83f37d3c0.css?body=1" for ::1 at 2018-09-17 11:12:07 -0700
Started GET "/" for ::1 at 2018-09-17 11:12:46 -0700
Processing by StaticPagesController#index as HTML
  Rendering static_pages/index.html.erb within layouts/application
  Rendered shared/_main_nav.html.erb (0.6ms)
  Rendered shared/_masthead.html.erb (0.6ms)
  Rendered shared/_sections_nav.html.erb (0.5ms)
  Rendered shared/_search_modal.html.erb (0.6ms)
  Rendered shared/_main_content.html.erb (0.5ms)
  Rendered static_pages/index.html.erb within layouts/application (22.6ms)
Completed 200 OK in 138ms (Views: 133.8ms | ActiveRecord: 0.0ms)


Started GET "/" for ::1 at 2018-09-17 11:12:47 -0700
Processing by StaticPagesController#index as HTML
  Rendering static_pages/index.html.erb within layouts/application
  Rendered shared/_main_nav.html.erb (0.6ms)
  Rendered shared/_masthead.html.erb (0.6ms)
  Rendered shared/_sections_nav.html.erb (0.6ms)
  Rendered shared/_search_modal.html.erb (0.6ms)
  Rendered shared/_main_content.html.erb (0.8ms)
  Rendered static_pages/index.html.erb within layouts/application (28.5ms)
Completed 200 OK in 75ms (Views: 70.9ms | ActiveRecord: 0.0ms)


Started GET "/" for ::1 at 2018-09-17 11:13:40 -0700
Processing by StaticPagesController#index as HTML
  Rendering static_pages/index.html.erb within layouts/application
  Rendered shared/_main_nav.html.erb (1.1ms)
  Rendered shared/_masthead.html.erb (0.5ms)
  Rendered shared/_sections_nav.html.erb (1.1ms)
  Rendered shared/_search_modal.html.erb (0.6ms)
  Rendered shared/_main_content.html.erb (0.7ms)
  Rendered static_pages/index.html.erb within layouts/application (32.0ms)
Completed 200 OK in 146ms (Views: 142.8ms | ActiveRecord: 0.0ms)


Started GET "/" for ::1 at 2018-09-17 11:13:42 -0700
Processing by StaticPagesController#index as HTML
  Rendering static_pages/index.html.erb within layouts/application
  Rendered shared/_main_nav.html.erb (0.4ms)
  Rendered shared/_masthead.html.erb (0.9ms)
  Rendered shared/_sections_nav.html.erb (0.6ms)
  Rendered shared/_search_modal.html.erb (0.7ms)
  Rendered shared/_main_content.html.erb (0.8ms)
  Rendered static_pages/index.html.erb within layouts/application (24.2ms)
Completed 200 OK in 61ms (Views: 58.1ms | ActiveRecord: 0.0ms)


Started GET "/" for ::1 at 2018-09-17 11:13:46 -0700
Processing by StaticPagesController#index as HTML
  Rendering static_pages/index.html.erb within layouts/application
  Rendered shared/_main_nav.html.erb (0.5ms)
  Rendered shared/_masthead.html.erb (0.4ms)
  Rendered shared/_sections_nav.html.erb (0.5ms)
  Rendered shared/_search_modal.html.erb (0.5ms)
  Rendered shared/_main_content.html.erb (0.6ms)
  Rendered static_pages/index.html.erb within layouts/application (19.8ms)
Completed 200 OK in 54ms (Views: 51.7ms | ActiveRecord: 0.0ms)


Started GET "/" for ::1 at 2018-09-17 11:16:09 -0700
Processing by StaticPagesController#index as HTML
  Rendering static_pages/index.html.erb within layouts/application
  Rendered shared/_main_nav.html.erb (1.2ms)
  Rendered shared/_masthead.html.erb (0.9ms)
  Rendered shared/_sections_nav.html.erb (1.0ms)
  Rendered shared/_search_modal.html.erb (0.7ms)
  Rendered shared/_main_content.html.erb (0.7ms)
  Rendered static_pages/index.html.erb within layouts/application (39.0ms)
Completed 200 OK in 193ms (Views: 187.0ms | ActiveRecord: 0.0ms)


Started GET "/assets/new_office.jpg" for ::1 at 2018-09-17 11:16:09 -0700
Started GET "/" for ::1 at 2018-09-17 11:16:28 -0700
Processing by StaticPagesController#index as HTML
  Rendering static_pages/index.html.erb within layouts/application
  Rendered shared/_main_nav.html.erb (0.4ms)
  Rendered shared/_masthead.html.erb (0.5ms)
  Rendered shared/_sections_nav.html.erb (0.5ms)
  Rendered shared/_search_modal.html.erb (0.4ms)
  Rendered shared/_main_content.html.erb (0.8ms)
  Rendered static_pages/index.html.erb within layouts/application (57.8ms)
Completed 200 OK in 212ms (Views: 208.9ms | ActiveRecord: 0.0ms)


Started GET "/assets/new_office.jpg" for ::1 at 2018-09-17 11:16:29 -0700
Started GET "/" for ::1 at 2018-09-17 11:17:21 -0700
Processing by StaticPagesController#index as HTML
  Rendering static_pages/index.html.erb within layouts/application
  Rendered shared/_sections_sidebar.html.erb (0.4ms)
  Rendered shared/_gear_dropdown.html.erb (0.5ms)
  Rendered shared/_main_nav.html.erb (10.4ms)
  Rendered shared/_masthead.html.erb (0.5ms)
  Rendered shared/_sections_nav.html.erb (0.7ms)
  Rendered shared/_search_modal.html.erb (0.6ms)
  Rendered shared/_main_content.html.erb (0.7ms)
  Rendered static_pages/index.html.erb within layouts/application (31.7ms)
Completed 200 OK in 83ms (Views: 77.7ms | ActiveRecord: 0.0ms)


Started GET "/assets/new_office.jpg" for ::1 at 2018-09-17 11:17:21 -0700
Started GET "/" for ::1 at 2018-09-17 11:17:35 -0700
Processing by StaticPagesController#index as HTML
  Rendering static_pages/index.html.erb within layouts/application
  Rendered shared/_sections_sidebar.html.erb (0.5ms)
  Rendered shared/_gear_dropdown.html.erb (1.0ms)
  Rendered shared/_main_nav.html.erb (9.4ms)
  Rendered shared/_masthead.html.erb (1.4ms)
  Rendered shared/_sections_nav.html.erb (0.7ms)
  Rendered shared/_search_modal.html.erb (0.7ms)
  Rendered shared/_main_content.html.erb (1.2ms)
  Rendered static_pages/index.html.erb within layouts/application (35.3ms)
Completed 200 OK in 112ms (Views: 108.5ms | ActiveRecord: 0.0ms)


Started GET "/assets/AA_Times_Logo.png" for ::1 at 2018-09-17 11:17:35 -0700
Started GET "/assets/new_office.jpg" for ::1 at 2018-09-17 11:17:35 -0700
Started GET "/" for ::1 at 2018-09-17 11:17:48 -0700
Processing by StaticPagesController#index as HTML
  Rendering static_pages/index.html.erb within layouts/application
  Rendered shared/_sections_sidebar.html.erb (0.5ms)
  Rendered shared/_gear_dropdown.html.erb (0.8ms)
  Rendered shared/_main_nav.html.erb (7.7ms)
  Rendered shared/_masthead.html.erb (0.7ms)
  Rendered shared/_sections_nav.html.erb (0.5ms)
  Rendered shared/_search_modal.html.erb (0.5ms)
  Rendered shared/_main_content.html.erb (0.9ms)
  Rendered static_pages/index.html.erb within layouts/application (26.8ms)
Completed 200 OK in 74ms (Views: 70.6ms | ActiveRecord: 0.0ms)


Started GET "/assets/AA_Times_Logo.png" for ::1 at 2018-09-17 11:17:48 -0700
Started GET "/assets/new_office.jpg" for ::1 at 2018-09-17 11:17:48 -0700
Started GET "/" for ::1 at 2018-09-17 11:17:50 -0700
Processing by StaticPagesController#index as HTML
  Rendering static_pages/index.html.erb within layouts/application
  Rendered shared/_sections_sidebar.html.erb (0.4ms)
  Rendered shared/_gear_dropdown.html.erb (0.5ms)
  Rendered shared/_main_nav.html.erb (8.5ms)
  Rendered shared/_masthead.html.erb (0.8ms)
  Rendered shared/_sections_nav.html.erb (0.7ms)
  Rendered shared/_search_modal.html.erb (0.5ms)
  Rendered shared/_main_content.html.erb (1.1ms)
  Rendered static_pages/index.html.erb within layouts/application (34.6ms)
Completed 200 OK in 79ms (Views: 72.3ms | ActiveRecord: 0.0ms)


Started GET "/assets/new_office.jpg" for ::1 at 2018-09-17 11:17:50 -0700
Started GET "/assets/AA_Times_Logo.png" for ::1 at 2018-09-17 11:17:50 -0700
Started GET "/" for ::1 at 2018-09-17 11:18:00 -0700
Processing by StaticPagesController#index as HTML
  Rendering static_pages/index.html.erb within layouts/application
  Rendered shared/_sections_sidebar.html.erb (0.5ms)
  Rendered shared/_gear_dropdown.html.erb (0.7ms)
  Rendered shared/_main_nav.html.erb (8.5ms)
  Rendered shared/_masthead.html.erb (0.7ms)
  Rendered shared/_search_modal.html.erb (0.5ms)
  Rendered shared/_sections_nav.html.erb (4.6ms)
  Rendered shared/_search_modal.html.erb (0.4ms)
  Rendered shared/_main_content.html.erb (1.0ms)
  Rendered static_pages/index.html.erb within layouts/application (40.3ms)
Completed 200 OK in 85ms (Views: 79.8ms | ActiveRecord: 0.0ms)


Started GET "/assets/new_office.jpg" for ::1 at 2018-09-17 11:18:01 -0700
Started GET "/assets/AA_Times_Logo.png" for ::1 at 2018-09-17 11:18:01 -0700
Started GET "/" for ::1 at 2018-09-17 11:18:13 -0700
Processing by StaticPagesController#index as HTML
  Rendering static_pages/index.html.erb within layouts/application
  Rendered shared/_sections_sidebar.html.erb (0.9ms)
  Rendered shared/_gear_dropdown.html.erb (0.7ms)
  Rendered shared/_main_nav.html.erb (9.2ms)
  Rendered shared/_masthead.html.erb (0.5ms)
  Rendered shared/_search_modal.html.erb (0.3ms)
  Rendered shared/_sections_nav.html.erb (3.5ms)
  Rendered shared/_search_modal.html.erb (0.1ms)
  Rendered shared/_main_content.html.erb (1.1ms)
  Rendered static_pages/index.html.erb within layouts/application (29.6ms)
Completed 200 OK in 63ms (Views: 60.1ms | ActiveRecord: 0.0ms)


Started GET "/assets/AA_Times_Logo.png" for ::1 at 2018-09-17 11:18:13 -0700
Started GET "/assets/new_office.jpg" for ::1 at 2018-09-17 11:18:13 -0700
Started GET "/assets/application.self-b455bb62a41184d1e8cb14d7d81642462ceeb7f8b3075c76e37b87d83f37d3c0.css?body=1&livereload=1537208370504" for ::1 at 2018-09-17 11:19:30 -0700
Started GET "/assets/application.self-b455bb62a41184d1e8cb14d7d81642462ceeb7f8b3075c76e37b87d83f37d3c0.css?body=1&livereload=1537208370507" for ::1 at 2018-09-17 11:19:30 -0700
Started GET "/assets/application.self-b455bb62a41184d1e8cb14d7d81642462ceeb7f8b3075c76e37b87d83f37d3c0.css?body=1&livereload=1537208378273" for ::1 at 2018-09-17 11:19:38 -0700
Started GET "/assets/application.self-b455bb62a41184d1e8cb14d7d81642462ceeb7f8b3075c76e37b87d83f37d3c0.css?body=1&livereload=1537208378275" for ::1 at 2018-09-17 11:19:38 -0700
Started GET "/assets/application.self-b455bb62a41184d1e8cb14d7d81642462ceeb7f8b3075c76e37b87d83f37d3c0.css?body=1&livereload=1537208382950" for ::1 at 2018-09-17 11:19:42 -0700
Started GET "/assets/application.self-b455bb62a41184d1e8cb14d7d81642462ceeb7f8b3075c76e37b87d83f37d3c0.css?body=1&livereload=1537208382951" for ::1 at 2018-09-17 11:19:42 -0700
Started GET "/assets/application.self-b455bb62a41184d1e8cb14d7d81642462ceeb7f8b3075c76e37b87d83f37d3c0.css?body=1&livereload=1537208587988" for ::1 at 2018-09-17 11:23:08 -0700
Started GET "/assets/application.self-b455bb62a41184d1e8cb14d7d81642462ceeb7f8b3075c76e37b87d83f37d3c0.css?body=1&livereload=1537208587990" for ::1 at 2018-09-17 11:23:08 -0700
